{"C:\\Users\\Lucas Custódio\\Pictures\\Projeto\\Projeto-Modulo5-joaov2\\PetWorking\\backend\\src\\config\\database.ts": {"path":"C:\\Users\\Lucas Custódio\\Pictures\\Projeto\\Projeto-Modulo5-joaov2\\PetWorking\\backend\\src\\config\\database.ts","statementMap":{"0":{"start":{"line":1,"column":0},"end":{"line":1,"column":38}},"1":{"start":{"line":3,"column":15},"end":{"line":3,"column":46}},"2":{"start":{"line":5,"column":18},"end":{"line":14,"column":null}},"3":{"start":{"line":17,"column":0},"end":{"line":17,"column":25}}},"fnMap":{},"branchMap":{"0":{"loc":{"start":{"line":6,"column":2},"end":{"line":6,"column":40}},"type":"cond-expr","locations":[{"start":{"line":6,"column":11},"end":{"line":6,"column":28}},{"start":{"line":6,"column":31},"end":{"line":6,"column":40}}]}},"s":{"0":7,"1":7,"2":7,"3":7},"f":{},"b":{"0":[7,0]}}
,"C:\\Users\\Lucas Custódio\\Pictures\\Projeto\\Projeto-Modulo5-joaov2\\PetWorking\\backend\\src\\controllers\\PetsController.ts": {"path":"C:\\Users\\Lucas Custódio\\Pictures\\Projeto\\Projeto-Modulo5-joaov2\\PetWorking\\backend\\src\\controllers\\PetsController.ts","statementMap":{"0":{"start":{"line":2,"column":0},"end":{"line":2,"column":44}},"1":{"start":{"line":4,"column":31},"end":{"line":7,"column":2}},"2":{"start":{"line":4,"column":69},"end":{"line":7,"column":2}},"3":{"start":{"line":5,"column":15},"end":{"line":5,"column":40}},"4":{"start":{"line":6,"column":2},"end":{"line":6,"column":17}},"5":{"start":{"line":4,"column":13},"end":{"line":4,"column":31}},"6":{"start":{"line":9,"column":30},"end":{"line":12,"column":2}},"7":{"start":{"line":9,"column":68},"end":{"line":12,"column":2}},"8":{"start":{"line":10,"column":14},"end":{"line":10,"column":53}},"9":{"start":{"line":11,"column":2},"end":{"line":11,"column":16}},"10":{"start":{"line":9,"column":13},"end":{"line":9,"column":30}},"11":{"start":{"line":14,"column":28},"end":{"line":17,"column":2}},"12":{"start":{"line":14,"column":66},"end":{"line":17,"column":2}},"13":{"start":{"line":15,"column":14},"end":{"line":15,"column":46}},"14":{"start":{"line":16,"column":2},"end":{"line":16,"column":16}},"15":{"start":{"line":14,"column":13},"end":{"line":14,"column":28}},"16":{"start":{"line":19,"column":33},"end":{"line":36,"column":2}},"17":{"start":{"line":19,"column":71},"end":{"line":36,"column":2}},"18":{"start":{"line":20,"column":2},"end":{"line":35,"column":3}},"19":{"start":{"line":21,"column":16},"end":{"line":21,"column":55}},"20":{"start":{"line":23,"column":4},"end":{"line":27,"column":5}},"21":{"start":{"line":24,"column":6},"end":{"line":26,"column":9}},"22":{"start":{"line":29,"column":4},"end":{"line":29,"column":31}},"23":{"start":{"line":30,"column":4},"end":{"line":30,"column":25}},"24":{"start":{"line":32,"column":4},"end":{"line":34,"column":7}},"25":{"start":{"line":19,"column":13},"end":{"line":19,"column":33}},"26":{"start":{"line":38,"column":26},"end":{"line":43,"column":2}},"27":{"start":{"line":38,"column":64},"end":{"line":43,"column":2}},"28":{"start":{"line":39,"column":2},"end":{"line":41,"column":5}},"29":{"start":{"line":42,"column":2},"end":{"line":42,"column":22}},"30":{"start":{"line":38,"column":13},"end":{"line":38,"column":26}},"31":{"start":{"line":45,"column":36},"end":{"line":59,"column":2}},"32":{"start":{"line":45,"column":74},"end":{"line":59,"column":2}},"33":{"start":{"line":46,"column":2},"end":{"line":58,"column":3}},"34":{"start":{"line":47,"column":17},"end":{"line":51,"column":6}},"35":{"start":{"line":52,"column":4},"end":{"line":52,"column":19}},"36":{"start":{"line":54,"column":4},"end":{"line":54,"column":60}},"37":{"start":{"line":55,"column":4},"end":{"line":57,"column":7}},"38":{"start":{"line":45,"column":13},"end":{"line":45,"column":36}},"39":{"start":{"line":61,"column":36},"end":{"line":92,"column":2}},"40":{"start":{"line":61,"column":74},"end":{"line":92,"column":2}},"41":{"start":{"line":62,"column":2},"end":{"line":91,"column":3}},"42":{"start":{"line":63,"column":27},"end":{"line":63,"column":37}},"43":{"start":{"line":66,"column":16},"end":{"line":71,"column":6}},"44":{"start":{"line":73,"column":4},"end":{"line":77,"column":5}},"45":{"start":{"line":74,"column":6},"end":{"line":76,"column":9}},"46":{"start":{"line":80,"column":4},"end":{"line":85,"column":7}},"47":{"start":{"line":87,"column":4},"end":{"line":87,"column":66}},"48":{"start":{"line":89,"column":4},"end":{"line":89,"column":49}},"49":{"start":{"line":90,"column":4},"end":{"line":90,"column":61}},"50":{"start":{"line":61,"column":13},"end":{"line":61,"column":36}}},"fnMap":{"0":{"name":"(anonymous_8)","decl":{"start":{"line":4,"column":31},"end":{"line":4,"column":38}},"loc":{"start":{"line":4,"column":69},"end":{"line":7,"column":2}}},"1":{"name":"(anonymous_9)","decl":{"start":{"line":4,"column":69},"end":{"line":4,"column":null}},"loc":{"start":{"line":4,"column":69},"end":{"line":7,"column":1}}},"2":{"name":"(anonymous_10)","decl":{"start":{"line":9,"column":30},"end":{"line":9,"column":37}},"loc":{"start":{"line":9,"column":68},"end":{"line":12,"column":2}}},"3":{"name":"(anonymous_11)","decl":{"start":{"line":9,"column":68},"end":{"line":9,"column":null}},"loc":{"start":{"line":9,"column":68},"end":{"line":12,"column":1}}},"4":{"name":"(anonymous_12)","decl":{"start":{"line":14,"column":28},"end":{"line":14,"column":35}},"loc":{"start":{"line":14,"column":66},"end":{"line":17,"column":2}}},"5":{"name":"(anonymous_13)","decl":{"start":{"line":14,"column":66},"end":{"line":14,"column":null}},"loc":{"start":{"line":14,"column":66},"end":{"line":17,"column":1}}},"6":{"name":"(anonymous_14)","decl":{"start":{"line":19,"column":33},"end":{"line":19,"column":40}},"loc":{"start":{"line":19,"column":71},"end":{"line":36,"column":2}}},"7":{"name":"(anonymous_15)","decl":{"start":{"line":19,"column":71},"end":{"line":19,"column":null}},"loc":{"start":{"line":19,"column":71},"end":{"line":36,"column":1}}},"8":{"name":"(anonymous_16)","decl":{"start":{"line":38,"column":26},"end":{"line":38,"column":33}},"loc":{"start":{"line":38,"column":64},"end":{"line":43,"column":2}}},"9":{"name":"(anonymous_17)","decl":{"start":{"line":38,"column":64},"end":{"line":38,"column":null}},"loc":{"start":{"line":38,"column":64},"end":{"line":43,"column":1}}},"10":{"name":"(anonymous_18)","decl":{"start":{"line":45,"column":36},"end":{"line":45,"column":43}},"loc":{"start":{"line":45,"column":74},"end":{"line":59,"column":2}}},"11":{"name":"(anonymous_19)","decl":{"start":{"line":45,"column":74},"end":{"line":45,"column":null}},"loc":{"start":{"line":45,"column":74},"end":{"line":59,"column":1}}},"12":{"name":"(anonymous_20)","decl":{"start":{"line":61,"column":36},"end":{"line":61,"column":43}},"loc":{"start":{"line":61,"column":74},"end":{"line":92,"column":2}}},"13":{"name":"(anonymous_21)","decl":{"start":{"line":61,"column":74},"end":{"line":61,"column":null}},"loc":{"start":{"line":61,"column":74},"end":{"line":92,"column":1}}}},"branchMap":{"0":{"loc":{"start":{"line":23,"column":4},"end":{"line":27,"column":5}},"type":"if","locations":[{"start":{"line":23,"column":4},"end":{"line":27,"column":5}}]},"1":{"loc":{"start":{"line":73,"column":4},"end":{"line":77,"column":5}},"type":"if","locations":[{"start":{"line":73,"column":4},"end":{"line":77,"column":5}}]}},"s":{"0":1,"1":1,"2":0,"3":0,"4":0,"5":1,"6":1,"7":0,"8":0,"9":0,"10":1,"11":1,"12":0,"13":0,"14":0,"15":1,"16":1,"17":1,"18":1,"19":1,"20":1,"21":1,"22":0,"23":0,"24":0,"25":1,"26":1,"27":0,"28":0,"29":0,"30":1,"31":1,"32":0,"33":0,"34":0,"35":0,"36":0,"37":0,"38":1,"39":1,"40":0,"41":0,"42":0,"43":0,"44":0,"45":0,"46":0,"47":0,"48":0,"49":0,"50":1},"f":{"0":0,"1":0,"2":0,"3":0,"4":0,"5":0,"6":1,"7":1,"8":0,"9":0,"10":0,"11":0,"12":0,"13":0},"b":{"0":[1],"1":[0]}}
,"C:\\Users\\Lucas Custódio\\Pictures\\Projeto\\Projeto-Modulo5-joaov2\\PetWorking\\backend\\src\\controllers\\UsuariosController.ts": {"path":"C:\\Users\\Lucas Custódio\\Pictures\\Projeto\\Projeto-Modulo5-joaov2\\PetWorking\\backend\\src\\controllers\\UsuariosController.ts","statementMap":{"0":{"start":{"line":2,"column":0},"end":{"line":2,"column":52}},"1":{"start":{"line":10,"column":35},"end":{"line":13,"column":2}},"2":{"start":{"line":10,"column":73},"end":{"line":13,"column":2}},"3":{"start":{"line":11,"column":16},"end":{"line":11,"column":45}},"4":{"start":{"line":12,"column":2},"end":{"line":12,"column":18}},"5":{"start":{"line":10,"column":13},"end":{"line":10,"column":35}},"6":{"start":{"line":15,"column":34},"end":{"line":22,"column":2}},"7":{"start":{"line":15,"column":72},"end":{"line":22,"column":2}},"8":{"start":{"line":16,"column":18},"end":{"line":16,"column":61}},"9":{"start":{"line":17,"column":2},"end":{"line":21,"column":3}},"10":{"start":{"line":18,"column":4},"end":{"line":18,"column":29}},"11":{"start":{"line":20,"column":4},"end":{"line":20,"column":70}},"12":{"start":{"line":15,"column":13},"end":{"line":15,"column":34}},"13":{"start":{"line":24,"column":28},"end":{"line":74,"column":2}},"14":{"start":{"line":24,"column":66},"end":{"line":74,"column":2}},"15":{"start":{"line":25,"column":2},"end":{"line":73,"column":3}},"16":{"start":{"line":26,"column":25},"end":{"line":34,"column":6}},"17":{"start":{"line":35,"column":4},"end":{"line":39,"column":5}},"18":{"start":{"line":36,"column":6},"end":{"line":38,"column":9}},"19":{"start":{"line":40,"column":27},"end":{"line":42,"column":6}},"20":{"start":{"line":43,"column":4},"end":{"line":47,"column":5}},"21":{"start":{"line":44,"column":6},"end":{"line":46,"column":9}},"22":{"start":{"line":48,"column":25},"end":{"line":50,"column":6}},"23":{"start":{"line":51,"column":4},"end":{"line":55,"column":5}},"24":{"start":{"line":52,"column":6},"end":{"line":54,"column":9}},"25":{"start":{"line":57,"column":4},"end":{"line":61,"column":5}},"26":{"start":{"line":58,"column":6},"end":{"line":60,"column":9}},"27":{"start":{"line":63,"column":20},"end":{"line":63,"column":60}},"28":{"start":{"line":64,"column":4},"end":{"line":67,"column":7}},"29":{"start":{"line":69,"column":4},"end":{"line":69,"column":51}},"30":{"start":{"line":70,"column":4},"end":{"line":72,"column":7}},"31":{"start":{"line":24,"column":13},"end":{"line":24,"column":28}},"32":{"start":{"line":76,"column":32},"end":{"line":124,"column":2}},"33":{"start":{"line":76,"column":74},"end":{"line":124,"column":2}},"34":{"start":{"line":77,"column":2},"end":{"line":123,"column":3}},"35":{"start":{"line":78,"column":19},"end":{"line":78,"column":29}},"36":{"start":{"line":79,"column":26},"end":{"line":79,"column":44}},"37":{"start":{"line":81,"column":20},"end":{"line":81,"column":52}},"38":{"start":{"line":82,"column":4},"end":{"line":86,"column":5}},"39":{"start":{"line":83,"column":6},"end":{"line":85,"column":9}},"40":{"start":{"line":88,"column":4},"end":{"line":92,"column":5}},"41":{"start":{"line":89,"column":6},"end":{"line":91,"column":9}},"42":{"start":{"line":93,"column":4},"end":{"line":93,"column":34}},"43":{"start":{"line":94,"column":4},"end":{"line":96,"column":5}},"44":{"start":{"line":95,"column":6},"end":{"line":95,"column":59}},"45":{"start":{"line":98,"column":4},"end":{"line":116,"column":5}},"46":{"start":{"line":99,"column":6},"end":{"line":99,"column":45}},"47":{"start":{"line":101,"column":6},"end":{"line":111,"column":9}},"48":{"start":{"line":113,"column":6},"end":{"line":115,"column":9}},"49":{"start":{"line":118,"column":4},"end":{"line":118,"column":47}},"50":{"start":{"line":119,"column":4},"end":{"line":122,"column":7}},"51":{"start":{"line":76,"column":13},"end":{"line":76,"column":32}},"52":{"start":{"line":126,"column":30},"end":{"line":138,"column":2}},"53":{"start":{"line":126,"column":68},"end":{"line":138,"column":2}},"54":{"start":{"line":127,"column":2},"end":{"line":137,"column":3}},"55":{"start":{"line":128,"column":20},"end":{"line":128,"column":63}},"56":{"start":{"line":129,"column":4},"end":{"line":134,"column":5}},"57":{"start":{"line":130,"column":6},"end":{"line":130,"column":30}},"58":{"start":{"line":131,"column":6},"end":{"line":131,"column":64}},"59":{"start":{"line":133,"column":6},"end":{"line":133,"column":70}},"60":{"start":{"line":136,"column":4},"end":{"line":136,"column":74}},"61":{"start":{"line":126,"column":13},"end":{"line":126,"column":30}}},"fnMap":{"0":{"name":"(anonymous_8)","decl":{"start":{"line":10,"column":35},"end":{"line":10,"column":42}},"loc":{"start":{"line":10,"column":73},"end":{"line":13,"column":2}}},"1":{"name":"(anonymous_9)","decl":{"start":{"line":10,"column":73},"end":{"line":10,"column":null}},"loc":{"start":{"line":10,"column":73},"end":{"line":13,"column":1}}},"2":{"name":"(anonymous_10)","decl":{"start":{"line":15,"column":34},"end":{"line":15,"column":41}},"loc":{"start":{"line":15,"column":72},"end":{"line":22,"column":2}}},"3":{"name":"(anonymous_11)","decl":{"start":{"line":15,"column":72},"end":{"line":15,"column":null}},"loc":{"start":{"line":15,"column":72},"end":{"line":22,"column":1}}},"4":{"name":"(anonymous_12)","decl":{"start":{"line":24,"column":28},"end":{"line":24,"column":35}},"loc":{"start":{"line":24,"column":66},"end":{"line":74,"column":2}}},"5":{"name":"(anonymous_13)","decl":{"start":{"line":24,"column":66},"end":{"line":24,"column":null}},"loc":{"start":{"line":24,"column":66},"end":{"line":74,"column":1}}},"6":{"name":"(anonymous_14)","decl":{"start":{"line":76,"column":32},"end":{"line":76,"column":39}},"loc":{"start":{"line":76,"column":74},"end":{"line":124,"column":2}}},"7":{"name":"(anonymous_15)","decl":{"start":{"line":76,"column":74},"end":{"line":76,"column":null}},"loc":{"start":{"line":76,"column":74},"end":{"line":124,"column":1}}},"8":{"name":"(anonymous_16)","decl":{"start":{"line":126,"column":30},"end":{"line":126,"column":37}},"loc":{"start":{"line":126,"column":68},"end":{"line":138,"column":2}}},"9":{"name":"(anonymous_17)","decl":{"start":{"line":126,"column":68},"end":{"line":126,"column":null}},"loc":{"start":{"line":126,"column":68},"end":{"line":138,"column":1}}}},"branchMap":{"0":{"loc":{"start":{"line":17,"column":2},"end":{"line":21,"column":3}},"type":"if","locations":[{"start":{"line":17,"column":2},"end":{"line":21,"column":3}},{"start":{"line":19,"column":9},"end":{"line":21,"column":3}}]},"1":{"loc":{"start":{"line":35,"column":4},"end":{"line":39,"column":5}},"type":"if","locations":[{"start":{"line":35,"column":4},"end":{"line":39,"column":5}}]},"2":{"loc":{"start":{"line":35,"column":8},"end":{"line":35,"column":58}},"type":"binary-expr","locations":[{"start":{"line":35,"column":8},"end":{"line":35,"column":26}},{"start":{"line":35,"column":30},"end":{"line":35,"column":58}}]},"3":{"loc":{"start":{"line":43,"column":4},"end":{"line":47,"column":5}},"type":"if","locations":[{"start":{"line":43,"column":4},"end":{"line":47,"column":5}}]},"4":{"loc":{"start":{"line":51,"column":4},"end":{"line":55,"column":5}},"type":"if","locations":[{"start":{"line":51,"column":4},"end":{"line":55,"column":5}}]},"5":{"loc":{"start":{"line":57,"column":4},"end":{"line":61,"column":5}},"type":"if","locations":[{"start":{"line":57,"column":4},"end":{"line":61,"column":5}}]},"6":{"loc":{"start":{"line":57,"column":8},"end":{"line":57,"column":60}},"type":"binary-expr","locations":[{"start":{"line":57,"column":8},"end":{"line":57,"column":27}},{"start":{"line":57,"column":31},"end":{"line":57,"column":60}}]},"7":{"loc":{"start":{"line":71,"column":15},"end":{"line":71,"column":55}},"type":"binary-expr","locations":[{"start":{"line":71,"column":15},"end":{"line":71,"column":28}},{"start":{"line":71,"column":32},"end":{"line":71,"column":55}}]},"8":{"loc":{"start":{"line":82,"column":4},"end":{"line":86,"column":5}},"type":"if","locations":[{"start":{"line":82,"column":4},"end":{"line":86,"column":5}}]},"9":{"loc":{"start":{"line":88,"column":4},"end":{"line":92,"column":5}},"type":"if","locations":[{"start":{"line":88,"column":4},"end":{"line":92,"column":5}}]},"10":{"loc":{"start":{"line":94,"column":4},"end":{"line":96,"column":5}},"type":"if","locations":[{"start":{"line":94,"column":4},"end":{"line":96,"column":5}}]},"11":{"loc":{"start":{"line":129,"column":4},"end":{"line":134,"column":5}},"type":"if","locations":[{"start":{"line":129,"column":4},"end":{"line":134,"column":5}},{"start":{"line":132,"column":11},"end":{"line":134,"column":5}}]}},"s":{"0":2,"1":2,"2":0,"3":0,"4":0,"5":2,"6":2,"7":0,"8":0,"9":0,"10":0,"11":0,"12":2,"13":2,"14":0,"15":0,"16":0,"17":0,"18":0,"19":0,"20":0,"21":0,"22":0,"23":0,"24":0,"25":0,"26":0,"27":0,"28":0,"29":0,"30":0,"31":2,"32":2,"33":2,"34":2,"35":2,"36":2,"37":2,"38":2,"39":0,"40":2,"41":1,"42":1,"43":1,"44":1,"45":1,"46":1,"47":1,"48":0,"49":0,"50":0,"51":2,"52":2,"53":1,"54":1,"55":1,"56":1,"57":0,"58":0,"59":1,"60":0,"61":2},"f":{"0":0,"1":0,"2":0,"3":0,"4":0,"5":0,"6":2,"7":2,"8":1,"9":1},"b":{"0":[0,0],"1":[0],"2":[0,0],"3":[0],"4":[0],"5":[0],"6":[0,0],"7":[0,0],"8":[0],"9":[1],"10":[1],"11":[0,1]}}
,"C:\\Users\\Lucas Custódio\\Pictures\\Projeto\\Projeto-Modulo5-joaov2\\PetWorking\\backend\\src\\middlewares\\autenticacaoemiddleware.ts": {"path":"C:\\Users\\Lucas Custódio\\Pictures\\Projeto\\Projeto-Modulo5-joaov2\\PetWorking\\backend\\src\\middlewares\\autenticacaoemiddleware.ts","statementMap":{"0":{"start":{"line":2,"column":0},"end":{"line":2,"column":60}},"1":{"start":{"line":12,"column":30},"end":{"line":30,"column":1}},"2":{"start":{"line":17,"column":16},"end":{"line":17,"column":56}},"3":{"start":{"line":19,"column":2},"end":{"line":21,"column":3}},"4":{"start":{"line":20,"column":4},"end":{"line":20,"column":68}},"5":{"start":{"line":23,"column":2},"end":{"line":29,"column":3}},"6":{"start":{"line":24,"column":20},"end":{"line":24,"column":55}},"7":{"start":{"line":25,"column":4},"end":{"line":25,"column":31}},"8":{"start":{"line":26,"column":4},"end":{"line":26,"column":11}},"9":{"start":{"line":28,"column":4},"end":{"line":28,"column":63}},"10":{"start":{"line":12,"column":13},"end":{"line":12,"column":30}}},"fnMap":{"0":{"name":"(anonymous_0)","decl":{"start":{"line":12,"column":30},"end":{"line":12,"column":null}},"loc":{"start":{"line":16,"column":4},"end":{"line":30,"column":1}}}},"branchMap":{"0":{"loc":{"start":{"line":17,"column":16},"end":{"line":17,"column":56}},"type":"cond-expr","locations":[{"start":{"line":17,"column":41},"end":{"line":17,"column":43}},{"start":{"line":17,"column":41},"end":{"line":17,"column":56}}]},"1":{"loc":{"start":{"line":17,"column":16},"end":{"line":17,"column":43}},"type":"binary-expr","locations":[{"start":{"line":17,"column":16},"end":{"line":17,"column":43}},{"start":{"line":17,"column":41},"end":{"line":17,"column":43}}]},"2":{"loc":{"start":{"line":19,"column":2},"end":{"line":21,"column":3}},"type":"if","locations":[{"start":{"line":19,"column":2},"end":{"line":21,"column":3}}]}},"s":{"0":1,"1":1,"2":2,"3":2,"4":1,"5":1,"6":1,"7":1,"8":1,"9":0,"10":1},"f":{"0":2},"b":{"0":[1,1],"1":[2,2],"2":[1]}}
,"C:\\Users\\Lucas Custódio\\Pictures\\Projeto\\Projeto-Modulo5-joaov2\\PetWorking\\backend\\src\\models\\AgendamentoModelo.ts": {"path":"C:\\Users\\Lucas Custódio\\Pictures\\Projeto\\Projeto-Modulo5-joaov2\\PetWorking\\backend\\src\\models\\AgendamentoModelo.ts","statementMap":{"0":{"start":{"line":1,"column":0},"end":{"line":1,"column":45}},"1":{"start":{"line":2,"column":0},"end":{"line":2,"column":43}},"2":{"start":{"line":14,"column":0},"end":{"line":74,"column":2}},"3":{"start":{"line":76,"column":0},"end":{"line":76,"column":33}}},"fnMap":{},"branchMap":{},"s":{"0":4,"1":4,"2":4,"3":4},"f":{},"b":{}}
,"C:\\Users\\Lucas Custódio\\Pictures\\Projeto\\Projeto-Modulo5-joaov2\\PetWorking\\backend\\src\\models\\PetModelo.ts": {"path":"C:\\Users\\Lucas Custódio\\Pictures\\Projeto\\Projeto-Modulo5-joaov2\\PetWorking\\backend\\src\\models\\PetModelo.ts","statementMap":{"0":{"start":{"line":1,"column":0},"end":{"line":1,"column":45}},"1":{"start":{"line":2,"column":0},"end":{"line":2,"column":43}},"2":{"start":{"line":17,"column":0},"end":{"line":85,"column":2}},"3":{"start":{"line":87,"column":0},"end":{"line":87,"column":25}}},"fnMap":{},"branchMap":{},"s":{"0":5,"1":5,"2":5,"3":5},"f":{},"b":{}}
,"C:\\Users\\Lucas Custódio\\Pictures\\Projeto\\Projeto-Modulo5-joaov2\\PetWorking\\backend\\src\\models\\Relacionamento.ts": {"path":"C:\\Users\\Lucas Custódio\\Pictures\\Projeto\\Projeto-Modulo5-joaov2\\PetWorking\\backend\\src\\models\\Relacionamento.ts","statementMap":{"0":{"start":{"line":1,"column":0},"end":{"line":1,"column":7}},"1":{"start":{"line":47,"column":9},"end":{"line":1,"column":44}},"2":{"start":{"line":2,"column":0},"end":{"line":2,"column":7}},"3":{"start":{"line":47,"column":24},"end":{"line":2,"column":36}},"4":{"start":{"line":3,"column":0},"end":{"line":3,"column":7}},"5":{"start":{"line":47,"column":35},"end":{"line":3,"column":44}},"6":{"start":{"line":4,"column":0},"end":{"line":4,"column":7}},"7":{"start":{"line":47,"column":50},"end":{"line":4,"column":52}},"8":{"start":{"line":7,"column":0},"end":{"line":10,"column":3}},"9":{"start":{"line":12,"column":0},"end":{"line":15,"column":3}},"10":{"start":{"line":17,"column":0},"end":{"line":20,"column":3}},"11":{"start":{"line":22,"column":0},"end":{"line":25,"column":3}},"12":{"start":{"line":27,"column":0},"end":{"line":30,"column":3}},"13":{"start":{"line":32,"column":0},"end":{"line":35,"column":3}},"14":{"start":{"line":37,"column":0},"end":{"line":40,"column":3}},"15":{"start":{"line":42,"column":0},"end":{"line":45,"column":3}}},"fnMap":{},"branchMap":{},"s":{"0":3,"1":3,"2":3,"3":3,"4":3,"5":3,"6":3,"7":3,"8":3,"9":3,"10":3,"11":3,"12":3,"13":3,"14":3,"15":3},"f":{},"b":{}}
,"C:\\Users\\Lucas Custódio\\Pictures\\Projeto\\Projeto-Modulo5-joaov2\\PetWorking\\backend\\src\\models\\ServicoModelo.ts": {"path":"C:\\Users\\Lucas Custódio\\Pictures\\Projeto\\Projeto-Modulo5-joaov2\\PetWorking\\backend\\src\\models\\ServicoModelo.ts","statementMap":{"0":{"start":{"line":1,"column":0},"end":{"line":1,"column":45}},"1":{"start":{"line":2,"column":0},"end":{"line":2,"column":43}},"2":{"start":{"line":11,"column":0},"end":{"line":46,"column":null}},"3":{"start":{"line":48,"column":0},"end":{"line":48,"column":29}}},"fnMap":{},"branchMap":{},"s":{"0":3,"1":3,"2":3,"3":3},"f":{},"b":{}}
,"C:\\Users\\Lucas Custódio\\Pictures\\Projeto\\Projeto-Modulo5-joaov2\\PetWorking\\backend\\src\\models\\UsuarioModelo.ts": {"path":"C:\\Users\\Lucas Custódio\\Pictures\\Projeto\\Projeto-Modulo5-joaov2\\PetWorking\\backend\\src\\models\\UsuarioModelo.ts","statementMap":{"0":{"start":{"line":1,"column":0},"end":{"line":1,"column":45}},"1":{"start":{"line":2,"column":0},"end":{"line":2,"column":43}},"2":{"start":{"line":3,"column":0},"end":{"line":3,"column":28}},"3":{"start":{"line":4,"column":0},"end":{"line":4,"column":null}},"4":{"start":{"line":21,"column":4},"end":{"line":21,"column":60}},"5":{"start":{"line":25,"column":0},"end":{"line":117,"column":2}},"6":{"start":{"line":41,"column":46},"end":{"line":45,"column":null}},"7":{"start":{"line":42,"column":10},"end":{"line":44,"column":11}},"8":{"start":{"line":43,"column":12},"end":{"line":43,"column":58}},"9":{"start":{"line":53,"column":44},"end":{"line":57,"column":null}},"10":{"start":{"line":54,"column":10},"end":{"line":56,"column":11}},"11":{"start":{"line":55,"column":12},"end":{"line":55,"column":44}},"12":{"start":{"line":64,"column":46},"end":{"line":70,"column":null}},"13":{"start":{"line":65,"column":10},"end":{"line":69,"column":11}},"14":{"start":{"line":66,"column":12},"end":{"line":68,"column":14}},"15":{"start":{"line":77,"column":53},"end":{"line":81,"column":null}},"16":{"start":{"line":78,"column":10},"end":{"line":80,"column":11}},"17":{"start":{"line":79,"column":12},"end":{"line":79,"column":78}},"18":{"start":{"line":99,"column":53},"end":{"line":103,"column":null}},"19":{"start":{"line":100,"column":8},"end":{"line":102,"column":9}},"20":{"start":{"line":101,"column":10},"end":{"line":101,"column":63}},"21":{"start":{"line":104,"column":53},"end":{"line":114,"column":null}},"22":{"start":{"line":106,"column":8},"end":{"line":108,"column":9}},"23":{"start":{"line":107,"column":10},"end":{"line":107,"column":61}},"24":{"start":{"line":111,"column":8},"end":{"line":113,"column":9}},"25":{"start":{"line":112,"column":10},"end":{"line":112,"column":63}},"26":{"start":{"line":119,"column":0},"end":{"line":119,"column":29}}},"fnMap":{"0":{"name":"(anonymous_8)","decl":{"start":{"line":20,"column":15},"end":{"line":20,"column":29}},"loc":{"start":{"line":20,"column":52},"end":{"line":22,"column":null}}},"1":{"name":"(anonymous_10)","decl":{"start":{"line":41,"column":22},"end":{"line":41,"column":29}},"loc":{"start":{"line":41,"column":46},"end":{"line":45,"column":null}}},"2":{"name":"(anonymous_11)","decl":{"start":{"line":41,"column":46},"end":{"line":41,"column":null}},"loc":{"start":{"line":41,"column":46},"end":{"line":45,"column":9}}},"3":{"name":"(anonymous_12)","decl":{"start":{"line":53,"column":20},"end":{"line":53,"column":27}},"loc":{"start":{"line":53,"column":44},"end":{"line":57,"column":null}}},"4":{"name":"(anonymous_13)","decl":{"start":{"line":53,"column":44},"end":{"line":53,"column":null}},"loc":{"start":{"line":53,"column":44},"end":{"line":57,"column":9}}},"5":{"name":"(anonymous_14)","decl":{"start":{"line":64,"column":22},"end":{"line":64,"column":29}},"loc":{"start":{"line":64,"column":46},"end":{"line":70,"column":null}}},"6":{"name":"(anonymous_15)","decl":{"start":{"line":64,"column":46},"end":{"line":64,"column":null}},"loc":{"start":{"line":64,"column":46},"end":{"line":70,"column":9}}},"7":{"name":"(anonymous_16)","decl":{"start":{"line":77,"column":31},"end":{"line":77,"column":38}},"loc":{"start":{"line":77,"column":53},"end":{"line":81,"column":null}}},"8":{"name":"(anonymous_17)","decl":{"start":{"line":77,"column":53},"end":{"line":77,"column":null}},"loc":{"start":{"line":77,"column":53},"end":{"line":81,"column":9}}},"9":{"name":"(anonymous_18)","decl":{"start":{"line":99,"column":20},"end":{"line":99,"column":27}},"loc":{"start":{"line":99,"column":53},"end":{"line":103,"column":null}}},"10":{"name":"(anonymous_19)","decl":{"start":{"line":99,"column":53},"end":{"line":99,"column":null}},"loc":{"start":{"line":99,"column":53},"end":{"line":103,"column":7}}},"11":{"name":"(anonymous_20)","decl":{"start":{"line":104,"column":20},"end":{"line":104,"column":27}},"loc":{"start":{"line":104,"column":53},"end":{"line":114,"column":null}}},"12":{"name":"(anonymous_21)","decl":{"start":{"line":104,"column":53},"end":{"line":104,"column":null}},"loc":{"start":{"line":104,"column":53},"end":{"line":114,"column":7}}}},"branchMap":{"0":{"loc":{"start":{"line":42,"column":10},"end":{"line":44,"column":11}},"type":"if","locations":[{"start":{"line":42,"column":10},"end":{"line":44,"column":11}}]},"1":{"loc":{"start":{"line":54,"column":10},"end":{"line":56,"column":11}},"type":"if","locations":[{"start":{"line":54,"column":10},"end":{"line":56,"column":11}}]},"2":{"loc":{"start":{"line":65,"column":10},"end":{"line":69,"column":11}},"type":"if","locations":[{"start":{"line":65,"column":10},"end":{"line":69,"column":11}}]},"3":{"loc":{"start":{"line":78,"column":10},"end":{"line":80,"column":11}},"type":"if","locations":[{"start":{"line":78,"column":10},"end":{"line":80,"column":11}}]},"4":{"loc":{"start":{"line":100,"column":8},"end":{"line":102,"column":9}},"type":"if","locations":[{"start":{"line":100,"column":8},"end":{"line":102,"column":9}}]},"5":{"loc":{"start":{"line":100,"column":12},"end":{"line":100,"column":62}},"type":"binary-expr","locations":[{"start":{"line":100,"column":12},"end":{"line":100,"column":25}},{"start":{"line":100,"column":29},"end":{"line":100,"column":62}}]},"6":{"loc":{"start":{"line":106,"column":8},"end":{"line":108,"column":9}},"type":"if","locations":[{"start":{"line":106,"column":8},"end":{"line":108,"column":9}}]},"7":{"loc":{"start":{"line":111,"column":8},"end":{"line":113,"column":9}},"type":"if","locations":[{"start":{"line":111,"column":8},"end":{"line":113,"column":9}}]}},"s":{"0":7,"1":7,"2":7,"3":7,"4":0,"5":7,"6":11,"7":11,"8":1,"9":12,"10":12,"11":2,"12":14,"13":14,"14":1,"15":10,"16":10,"17":1,"18":9,"19":9,"20":8,"21":4,"22":4,"23":1,"24":3,"25":2,"26":7},"f":{"0":0,"1":11,"2":11,"3":12,"4":12,"5":14,"6":14,"7":10,"8":10,"9":9,"10":9,"11":4,"12":4},"b":{"0":[1],"1":[2],"2":[1],"3":[1],"4":[8],"5":[9,9],"6":[1],"7":[2]}}
,"C:\\Users\\Lucas Custódio\\Pictures\\Projeto\\Projeto-Modulo5-joaov2\\PetWorking\\backend\\src\\utils\\jwt.ts": {"path":"C:\\Users\\Lucas Custódio\\Pictures\\Projeto\\Projeto-Modulo5-joaov2\\PetWorking\\backend\\src\\utils\\jwt.ts","statementMap":{"0":{"start":{"line":1,"column":0},"end":{"line":1,"column":31}},"1":{"start":{"line":4,"column":19},"end":{"line":4,"column":69}},"2":{"start":{"line":5,"column":23},"end":{"line":5,"column":27}},"3":{"start":{"line":7,"column":26},"end":{"line":13,"column":1}},"4":{"start":{"line":8,"column":2},"end":{"line":12,"column":4}},"5":{"start":{"line":7,"column":13},"end":{"line":7,"column":26}},"6":{"start":{"line":15,"column":30},"end":{"line":17,"column":1}},"7":{"start":{"line":16,"column":2},"end":{"line":16,"column":39}},"8":{"start":{"line":15,"column":13},"end":{"line":15,"column":30}}},"fnMap":{"0":{"name":"(anonymous_1)","decl":{"start":{"line":7,"column":26},"end":{"line":7,"column":27}},"loc":{"start":{"line":7,"column":61},"end":{"line":13,"column":1}}},"1":{"name":"(anonymous_2)","decl":{"start":{"line":15,"column":30},"end":{"line":15,"column":31}},"loc":{"start":{"line":15,"column":48},"end":{"line":17,"column":1}}}},"branchMap":{"0":{"loc":{"start":{"line":4,"column":19},"end":{"line":4,"column":69}},"type":"binary-expr","locations":[{"start":{"line":4,"column":19},"end":{"line":4,"column":41}},{"start":{"line":4,"column":45},"end":{"line":4,"column":69}}]}},"s":{"0":1,"1":1,"2":1,"3":1,"4":1,"5":1,"6":1,"7":1,"8":1},"f":{"0":1,"1":1},"b":{"0":[1,1]}}
,"C:\\Users\\Lucas Custódio\\Pictures\\Projeto\\Projeto-Modulo5-joaov2\\PetWorking\\backend\\src\\validadores\\ValidacaoUsuario.ts": {"path":"C:\\Users\\Lucas Custódio\\Pictures\\Projeto\\Projeto-Modulo5-joaov2\\PetWorking\\backend\\src\\validadores\\ValidacaoUsuario.ts","statementMap":{"0":{"start":{"line":1,"column":0},"end":{"line":1,"column":16}},"1":{"start":{"line":18,"column":0},"end":{"line":18,"column":16}},"2":{"start":{"line":25,"column":0},"end":{"line":25,"column":16}},"3":{"start":{"line":30,"column":0},"end":{"line":30,"column":16}},"4":{"start":{"line":2,"column":4},"end":{"line":4,"column":3}},"5":{"start":{"line":3,"column":4},"end":{"line":3,"column":17}},"6":{"start":{"line":6,"column":2},"end":{"line":6,"column":39}},"7":{"start":{"line":8,"column":2},"end":{"line":10,"column":3}},"8":{"start":{"line":9,"column":4},"end":{"line":9,"column":17}},"9":{"start":{"line":12,"column":17},"end":{"line":12,"column":47}},"10":{"start":{"line":12,"column":43},"end":{"line":12,"column":46}},"11":{"start":{"line":13,"column":16},"end":{"line":13,"column":137}},"12":{"start":{"line":13,"column":35},"end":{"line":13,"column":137}},"13":{"start":{"line":13,"column":92},"end":{"line":13,"column":117}},"14":{"start":{"line":15,"column":2},"end":{"line":15,"column":61}},"15":{"start":{"line":19,"column":25},"end":{"line":19,"column":70}},"16":{"start":{"line":21,"column":4},"end":{"line":21,"column":null}},"17":{"start":{"line":26,"column":25},"end":{"line":26,"column":53}},"18":{"start":{"line":27,"column":4},"end":{"line":27,"column":36}},"19":{"start":{"line":31,"column":22},"end":{"line":31,"column":32}},"20":{"start":{"line":32,"column":27},"end":{"line":32,"column":42}},"21":{"start":{"line":33,"column":18},"end":{"line":33,"column":72}},"22":{"start":{"line":34,"column":4},"end":{"line":34,"column":23}}},"fnMap":{"0":{"name":"validarCPF","decl":{"start":{"line":1,"column":16},"end":{"line":1,"column":26}},"loc":{"start":{"line":1,"column":40},"end":{"line":16,"column":1}}},"1":{"name":"(anonymous_1)","decl":{"start":{"line":12,"column":37},"end":{"line":12,"column":39}},"loc":{"start":{"line":12,"column":43},"end":{"line":12,"column":46}}},"2":{"name":"(anonymous_2)","decl":{"start":{"line":13,"column":16},"end":{"line":13,"column":17}},"loc":{"start":{"line":13,"column":35},"end":{"line":13,"column":137}}},"3":{"name":"(anonymous_3)","decl":{"start":{"line":13,"column":70},"end":{"line":13,"column":71}},"loc":{"start":{"line":13,"column":92},"end":{"line":13,"column":117}}},"4":{"name":"validarEmail","decl":{"start":{"line":18,"column":16},"end":{"line":18,"column":28}},"loc":{"start":{"line":18,"column":42},"end":{"line":22,"column":1}}},"5":{"name":"validarSenha","decl":{"start":{"line":25,"column":16},"end":{"line":25,"column":28}},"loc":{"start":{"line":25,"column":42},"end":{"line":28,"column":1}}},"6":{"name":"validarDataNascimento","decl":{"start":{"line":30,"column":16},"end":{"line":30,"column":37}},"loc":{"start":{"line":30,"column":50},"end":{"line":35,"column":1}}}},"branchMap":{"0":{"loc":{"start":{"line":2,"column":4},"end":{"line":4,"column":3}},"type":"if","locations":[{"start":{"line":2,"column":4},"end":{"line":4,"column":3}}]},"1":{"loc":{"start":{"line":8,"column":2},"end":{"line":10,"column":3}},"type":"if","locations":[{"start":{"line":8,"column":2},"end":{"line":10,"column":3}}]},"2":{"loc":{"start":{"line":8,"column":6},"end":{"line":8,"column":56}},"type":"binary-expr","locations":[{"start":{"line":8,"column":6},"end":{"line":8,"column":25}},{"start":{"line":8,"column":29},"end":{"line":8,"column":56}}]},"3":{"loc":{"start":{"line":15,"column":9},"end":{"line":15,"column":60}},"type":"binary-expr","locations":[{"start":{"line":15,"column":9},"end":{"line":15,"column":32}},{"start":{"line":15,"column":36},"end":{"line":15,"column":60}}]}},"s":{"0":7,"1":7,"2":7,"3":7,"4":14,"5":0,"6":14,"7":14,"8":3,"9":11,"10":121,"11":11,"12":22,"13":209,"14":11,"15":13,"16":13,"17":16,"18":16,"19":12,"20":12,"21":12,"22":12},"f":{"0":14,"1":121,"2":22,"3":209,"4":13,"5":16,"6":12},"b":{"0":[0],"1":[3],"2":[14,14],"3":[11,11]}}
}
