TN:
SF:src\config\database.ts
FNF:0
FNH:0
DA:1,7
DA:3,7
DA:5,7
DA:17,7
LF:4
LH:4
BRDA:6,0,0,7
BRDA:6,0,1,0
BRF:2
BRH:1
end_of_record
TN:
SF:src\controllers\PetsController.ts
FN:4,(anonymous_8)
FN:4,(anonymous_9)
FN:9,(anonymous_10)
FN:9,(anonymous_11)
FN:14,(anonymous_12)
FN:14,(anonymous_13)
FN:19,(anonymous_14)
FN:19,(anonymous_15)
FN:38,(anonymous_16)
FN:38,(anonymous_17)
FN:45,(anonymous_18)
FN:45,(anonymous_19)
FN:61,(anonymous_20)
FN:61,(anonymous_21)
FNF:14
FNH:2
FNDA:0,(anonymous_8)
FNDA:0,(anonymous_9)
FNDA:0,(anonymous_10)
FNDA:0,(anonymous_11)
FNDA:0,(anonymous_12)
FNDA:0,(anonymous_13)
FNDA:1,(anonymous_14)
FNDA:1,(anonymous_15)
FNDA:0,(anonymous_16)
FNDA:0,(anonymous_17)
FNDA:0,(anonymous_18)
FNDA:0,(anonymous_19)
FNDA:0,(anonymous_20)
FNDA:0,(anonymous_21)
DA:2,1
DA:4,1
DA:5,0
DA:6,0
DA:9,1
DA:10,0
DA:11,0
DA:14,1
DA:15,0
DA:16,0
DA:19,1
DA:20,1
DA:21,1
DA:23,1
DA:24,1
DA:29,0
DA:30,0
DA:32,0
DA:38,1
DA:39,0
DA:42,0
DA:45,1
DA:46,0
DA:47,0
DA:52,0
DA:54,0
DA:55,0
DA:61,1
DA:62,0
DA:63,0
DA:66,0
DA:73,0
DA:74,0
DA:80,0
DA:87,0
DA:89,0
DA:90,0
LF:37
LH:12
BRDA:23,0,0,1
BRDA:73,1,0,0
BRF:2
BRH:1
end_of_record
TN:
SF:src\controllers\UsuariosController.ts
FN:10,(anonymous_8)
FN:10,(anonymous_9)
FN:15,(anonymous_10)
FN:15,(anonymous_11)
FN:24,(anonymous_12)
FN:24,(anonymous_13)
FN:76,(anonymous_14)
FN:76,(anonymous_15)
FN:126,(anonymous_16)
FN:126,(anonymous_17)
FNF:10
FNH:4
FNDA:0,(anonymous_8)
FNDA:0,(anonymous_9)
FNDA:0,(anonymous_10)
FNDA:0,(anonymous_11)
FNDA:0,(anonymous_12)
FNDA:0,(anonymous_13)
FNDA:2,(anonymous_14)
FNDA:2,(anonymous_15)
FNDA:1,(anonymous_16)
FNDA:1,(anonymous_17)
DA:2,2
DA:10,2
DA:11,0
DA:12,0
DA:15,2
DA:16,0
DA:17,0
DA:18,0
DA:20,0
DA:24,2
DA:25,0
DA:26,0
DA:35,0
DA:36,0
DA:40,0
DA:43,0
DA:44,0
DA:48,0
DA:51,0
DA:52,0
DA:57,0
DA:58,0
DA:63,0
DA:64,0
DA:69,0
DA:70,0
DA:76,2
DA:77,2
DA:78,2
DA:79,2
DA:81,2
DA:82,2
DA:83,0
DA:88,2
DA:89,1
DA:93,1
DA:94,1
DA:95,1
DA:98,1
DA:99,1
DA:101,1
DA:113,0
DA:118,0
DA:119,0
DA:126,2
DA:127,1
DA:128,1
DA:129,1
DA:130,0
DA:131,0
DA:133,1
DA:136,0
LF:52
LH:23
BRDA:17,0,0,0
BRDA:17,0,1,0
BRDA:35,1,0,0
BRDA:35,2,0,0
BRDA:35,2,1,0
BRDA:43,3,0,0
BRDA:51,4,0,0
BRDA:57,5,0,0
BRDA:57,6,0,0
BRDA:57,6,1,0
BRDA:71,7,0,0
BRDA:71,7,1,0
BRDA:82,8,0,0
BRDA:88,9,0,1
BRDA:94,10,0,1
BRDA:129,11,0,0
BRDA:129,11,1,1
BRF:17
BRH:3
end_of_record
TN:
SF:src\middlewares\autenticacaoemiddleware.ts
FN:12,(anonymous_0)
FNF:1
FNH:1
FNDA:2,(anonymous_0)
DA:2,1
DA:12,1
DA:17,2
DA:19,2
DA:20,1
DA:23,1
DA:24,1
DA:25,1
DA:26,1
DA:28,0
LF:10
LH:9
BRDA:17,0,0,1
BRDA:17,0,1,1
BRDA:17,1,0,2
BRDA:17,1,1,2
BRDA:19,2,0,1
BRF:5
BRH:5
end_of_record
TN:
SF:src\models\AgendamentoModelo.ts
FNF:0
FNH:0
DA:1,4
DA:2,4
DA:14,4
DA:76,4
LF:4
LH:4
BRF:0
BRH:0
end_of_record
TN:
SF:src\models\PetModelo.ts
FNF:0
FNH:0
DA:1,5
DA:2,5
DA:17,5
DA:87,5
LF:4
LH:4
BRF:0
BRH:0
end_of_record
TN:
SF:src\models\Relacionamento.ts
FNF:0
FNH:0
DA:1,3
DA:2,3
DA:3,3
DA:4,3
DA:7,3
DA:12,3
DA:17,3
DA:22,3
DA:27,3
DA:32,3
DA:37,3
DA:42,3
DA:47,3
LF:13
LH:13
BRF:0
BRH:0
end_of_record
TN:
SF:src\models\ServicoModelo.ts
FNF:0
FNH:0
DA:1,3
DA:2,3
DA:11,3
DA:48,3
LF:4
LH:4
BRF:0
BRH:0
end_of_record
TN:
SF:src\models\UsuarioModelo.ts
FN:20,(anonymous_8)
FN:41,(anonymous_10)
FN:41,(anonymous_11)
FN:53,(anonymous_12)
FN:53,(anonymous_13)
FN:64,(anonymous_14)
FN:64,(anonymous_15)
FN:77,(anonymous_16)
FN:77,(anonymous_17)
FN:99,(anonymous_18)
FN:99,(anonymous_19)
FN:104,(anonymous_20)
FN:104,(anonymous_21)
FNF:13
FNH:12
FNDA:0,(anonymous_8)
FNDA:11,(anonymous_10)
FNDA:11,(anonymous_11)
FNDA:12,(anonymous_12)
FNDA:12,(anonymous_13)
FNDA:14,(anonymous_14)
FNDA:14,(anonymous_15)
FNDA:10,(anonymous_16)
FNDA:10,(anonymous_17)
FNDA:9,(anonymous_18)
FNDA:9,(anonymous_19)
FNDA:4,(anonymous_20)
FNDA:4,(anonymous_21)
DA:1,7
DA:2,7
DA:3,7
DA:4,7
DA:21,0
DA:25,7
DA:41,11
DA:42,11
DA:43,1
DA:53,12
DA:54,12
DA:55,2
DA:64,14
DA:65,14
DA:66,1
DA:77,10
DA:78,10
DA:79,1
DA:99,9
DA:100,9
DA:101,8
DA:104,4
DA:106,4
DA:107,1
DA:111,3
DA:112,2
DA:119,7
LF:27
LH:26
BRDA:42,0,0,1
BRDA:54,1,0,2
BRDA:65,2,0,1
BRDA:78,3,0,1
BRDA:100,4,0,8
BRDA:100,5,0,9
BRDA:100,5,1,9
BRDA:106,6,0,1
BRDA:111,7,0,2
BRF:9
BRH:9
end_of_record
TN:
SF:src\utils\jwt.ts
FN:7,(anonymous_1)
FN:15,(anonymous_2)
FNF:2
FNH:2
FNDA:1,(anonymous_1)
FNDA:1,(anonymous_2)
DA:1,1
DA:4,1
DA:5,1
DA:7,1
DA:8,1
DA:15,1
DA:16,1
LF:7
LH:7
BRDA:4,0,0,1
BRDA:4,0,1,1
BRF:2
BRH:2
end_of_record
TN:
SF:src\validadores\ValidacaoUsuario.ts
FN:1,validarCPF
FN:12,(anonymous_1)
FN:13,(anonymous_2)
FN:13,(anonymous_3)
FN:18,validarEmail
FN:25,validarSenha
FN:30,validarDataNascimento
FNF:7
FNH:7
FNDA:14,validarCPF
FNDA:121,(anonymous_1)
FNDA:22,(anonymous_2)
FNDA:209,(anonymous_3)
FNDA:13,validarEmail
FNDA:16,validarSenha
FNDA:12,validarDataNascimento
DA:1,7
DA:2,14
DA:3,0
DA:6,14
DA:8,14
DA:9,3
DA:12,121
DA:13,209
DA:15,11
DA:18,7
DA:19,13
DA:21,13
DA:25,7
DA:26,16
DA:27,16
DA:30,7
DA:31,12
DA:32,12
DA:33,12
DA:34,12
LF:20
LH:19
BRDA:2,0,0,0
BRDA:8,1,0,3
BRDA:8,2,0,14
BRDA:8,2,1,14
BRDA:15,3,0,11
BRDA:15,3,1,11
BRF:6
BRH:5
end_of_record
